[    0.000000] Initializing cgroup subsys cpuset
[    0.000000] Initializing cgroup subsys cpu
[    0.000000] Initializing cgroup subsys cpuacct
[    0.000000] Linux version 4.4.0-210-generic (buildd@lgw01-amd64-009) (gcc version 5.4.0 20160609 (Ubuntu 5.4.0-6ubuntu1~16.04.12) ) #242-Ubuntu SMP Fri Apr 16 09:57:56 UTC 2021 (Ubuntu 4.4.0-210.242-generic 4.4.262)
[    0.000000] Command line: BOOT_IMAGE=/boot/vmlinuz-4.4.0-210-generic root=LABEL=cloudimg-rootfs ro console=tty1 console=ttyS0
[    0.000000] KERNEL supported cpus:
[    0.000000]   Intel GenuineIntel
[    0.000000]   AMD AuthenticAMD
[    0.000000]   Centaur CentaurHauls
[    0.000000] x86/fpu: Legacy x87 FPU detected.
[    0.000000] e820: BIOS-provided physical RAM map:
[    0.000000] BIOS-e820: [mem 0x0000000000000000-0x000000000009fbff] usable
[    0.000000] BIOS-e820: [mem 0x000000000009fc00-0x000000000009ffff] reserved
[    0.000000] BIOS-e820: [mem 0x00000000000f0000-0x00000000000fffff] reserved
[    0.000000] BIOS-e820: [mem 0x0000000000100000-0x000000003ffeffff] usable
[    0.000000] BIOS-e820: [mem 0x000000003fff0000-0x000000003fffffff] ACPI data
[    0.000000] BIOS-e820: [mem 0x00000000fec00000-0x00000000fec00fff] reserved
[    0.000000] BIOS-e820: [mem 0x00000000fee00000-0x00000000fee00fff] reserved
[    0.000000] BIOS-e820: [mem 0x00000000fffc0000-0x00000000ffffffff] reserved
[    0.000000] NX (Execute Disable) protection: active
[    0.000000] SMBIOS 2.5 present.
[    0.000000] Hypervisor detected: KVM
[    0.000000] Kernel/User page tables isolation: disabled
[    0.000000] e820: last_pfn = 0x3fff0 max_arch_pfn = 0x400000000
[    0.000000] MTRR: Disabled
[    0.000000] x86/PAT: MTRRs disabled, skipping PAT initialization too.
[    0.000000] CPU MTRRs all blank - virtualized system.
[    0.000000] x86/PAT: Configuration [0-7]: WB  WT  UC- UC  WB  WT  UC- UC  
[    0.000000] found SMP MP-table at [mem 0x0009fff0-0x0009ffff] mapped at [ffff88000009fff0]
[    0.000000] Scanning 1 areas for low memory corruption
[    0.000000] RAMDISK: [mem 0x362dc000-0x37165fff]
[    0.000000] ACPI: Early table checksum verification disabled
[    0.000000] ACPI: RSDP 0x00000000000E0000 000024 (v02 VBOX  )
[    0.000000] ACPI: XSDT 0x000000003FFF0030 00003C (v01 VBOX   VBOXXSDT 00000001 ASL  00000061)
[    0.000000] ACPI: FACP 0x000000003FFF00F0 0000F4 (v04 VBOX   VBOXFACP 00000001 ASL  00000061)
[    0.000000] ACPI: DSDT 0x000000003FFF0470 002325 (v02 VBOX   VBOXBIOS 00000002 INTL 20100528)
[    0.000000] ACPI: FACS 0x000000003FFF0200 000040
[    0.000000] ACPI: FACS 0x000000003FFF0200 000040
[    0.000000] ACPI: APIC 0x000000003FFF0240 00005C (v02 VBOX   VBOXAPIC 00000001 ASL  00000061)
[    0.000000] ACPI: SSDT 0x000000003FFF02A0 0001CC (v01 VBOX   VBOXCPUT 00000002 INTL 20100528)
[    0.000000] No NUMA configuration found
[    0.000000] Faking a node at [mem 0x0000000000000000-0x000000003ffeffff]
[    0.000000] NODE_DATA(0) allocated [mem 0x3ffeb000-0x3ffeffff]
[    0.000000] kvm-clock: Using msrs 4b564d01 and 4b564d00
[    0.000000] kvm-clock: cpu 0, msr 0:3ffe3001, primary cpu clock
[    0.000000] kvm-clock: using sched offset of 3875517165 cycles
[    0.000000] clocksource: kvm-clock: mask: 0xffffffffffffffff max_cycles: 0x1cd42e4dffb, max_idle_ns: 881590591483 ns
[    0.000000] Zone ranges:
[    0.000000]   DMA      [mem 0x0000000000001000-0x0000000000ffffff]
[    0.000000]   DMA32    [mem 0x0000000001000000-0x000000003ffeffff]
[    0.000000]   Normal   empty
[    0.000000]   Device   empty
[    0.000000] Movable zone start for each node
[    0.000000] Early memory node ranges
[    0.000000]   node   0: [mem 0x0000000000001000-0x000000000009efff]
[    0.000000]   node   0: [mem 0x0000000000100000-0x000000003ffeffff]
[    0.000000] Initmem setup node 0 [mem 0x0000000000001000-0x000000003ffeffff]
[    0.000000] ACPI: PM-Timer IO Port: 0x4008
[    0.000000] IOAPIC[0]: apic_id 2, version 32, address 0xfec00000, GSI 0-23
[    0.000000] ACPI: INT_SRC_OVR (bus 0 bus_irq 0 global_irq 2 dfl dfl)
[    0.000000] ACPI: INT_SRC_OVR (bus 0 bus_irq 9 global_irq 9 low level)
[    0.000000] Using ACPI (MADT) for SMP configuration information
[    0.000000] smpboot: Allowing 2 CPUs, 0 hotplug CPUs
[    0.000000] PM: Registered nosave memory: [mem 0x00000000-0x00000fff]
[    0.000000] PM: Registered nosave memory: [mem 0x0009f000-0x0009ffff]
[    0.000000] PM: Registered nosave memory: [mem 0x000a0000-0x000effff]
[    0.000000] PM: Registered nosave memory: [mem 0x000f0000-0x000fffff]
[    0.000000] e820: [mem 0x40000000-0xfebfffff] available for PCI devices
[    0.000000] Booting paravirtualized kernel on KVM
[    0.000000] clocksource: refined-jiffies: mask: 0xffffffff max_cycles: 0xffffffff, max_idle_ns: 7645519600211568 ns
[    0.000000] setup_percpu: NR_CPUS:512 nr_cpumask_bits:512 nr_cpu_ids:2 nr_node_ids:1
[    0.000000] PERCPU: Embedded 33 pages/cpu @ffff88003fc00000 s95192 r8192 d31784 u1048576
[    0.000000] Built 1 zonelists in Node order, mobility grouping on.  Total pages: 257912
[    0.000000] Policy zone: DMA32
[    0.000000] Kernel command line: BOOT_IMAGE=/boot/vmlinuz-4.4.0-210-generic root=LABEL=cloudimg-rootfs ro console=tty1 console=ttyS0
[    0.000000] PID hash table entries: 4096 (order: 3, 32768 bytes)
[    0.000000] Memory: 997792K/1048120K available (8644K kernel code, 1332K rwdata, 4044K rodata, 1492K init, 1164K bss, 50328K reserved, 0K cma-reserved)
[    0.000000] SLUB: HWalign=64, Order=0-3, MinObjects=0, CPUs=2, Nodes=1
[    0.000000] Hierarchical RCU implementation.
[    0.000000] 	Build-time adjustment of leaf fanout to 64.
[    0.000000] 	RCU restricting CPUs from NR_CPUS=512 to nr_cpu_ids=2.
[    0.000000] RCU: Adjusting geometry for rcu_fanout_leaf=64, nr_cpu_ids=2
[    0.000000] NR_IRQS:33024 nr_irqs:440 16
[    0.000000] Console: colour VGA+ 80x25
[    0.000000] console [tty1] enabled
[    0.000000] console [ttyS0] enabled
[    0.000000] tsc: Detected 2419.198 MHz processor
[    0.525553] Calibrating delay loop (skipped) preset value.. 4838.39 BogoMIPS (lpj=9676792)
[    0.531992] pid_max: default: 32768 minimum: 301
[    0.535224] ACPI: Core revision 20150930
[    0.539057] ACPI: 2 ACPI AML tables successfully acquired and loaded
[    0.544903] Security Framework initialized
[    0.547890] Yama: becoming mindful.
[    0.550389] AppArmor: AppArmor initialized
[    0.553203] Dentry cache hash table entries: 131072 (order: 8, 1048576 bytes)
[    0.564063] Inode-cache hash table entries: 65536 (order: 7, 524288 bytes)
[    0.573292] Mount-cache hash table entries: 2048 (order: 2, 16384 bytes)
[    0.580637] Mountpoint-cache hash table entries: 2048 (order: 2, 16384 bytes)
[    0.592829] Initializing cgroup subsys io
[    0.598051] Initializing cgroup subsys memory
[    0.603543] Initializing cgroup subsys devices
[    0.608202] Initializing cgroup subsys freezer
[    0.612896] Initializing cgroup subsys net_cls
[    0.617555] Initializing cgroup subsys perf_event
[    0.622573] Initializing cgroup subsys net_prio
[    0.626913] Initializing cgroup subsys hugetlb
[    0.632426] Initializing cgroup subsys pids
[    0.637795] mce: CPU supports 0 MCE banks
[    0.641817] Last level iTLB entries: 4KB 0, 2MB 0, 4MB 0
[    0.648437] Last level dTLB entries: 4KB 0, 2MB 0, 4MB 0, 1GB 0
[    0.653245] Spectre V1 : Mitigation: usercopy/swapgs barriers and __user pointer sanitization
[    0.662051] Spectre V2 : Mitigation: Enhanced IBRS
[    0.665369] Spectre V2 : Spectre v2 / SpectreRSB mitigation: Filling RSB on context switch
[    0.675667] Speculative Store Bypass: Vulnerable
[    0.716202] Freeing SMP alternatives memory: 36K
[    0.784433] ftrace: allocating 32380 entries in 127 pages
[    1.288175] smpboot: APIC(0) Converting physical 0 to logical package 0
[    1.296253] smpboot: Max logical packages: 1
[    1.313375] ..TIMER: vector=0x30 apic1=0 pin1=2 apic2=-1 pin2=-1
[    1.430857] smpboot: CPU0: 11th Gen Intel(R) Core(TM) i5-1135G7 @ 2.40GHz (family: 0x6, model: 0x8c, stepping: 0x1)
[    1.442256] Performance Events: unsupported p6 CPU model 140 no PMU driver, software events only.
[    1.521836] KVM setup paravirtual spinlock
[    1.529423] x86: Booting SMP configuration:
[    1.533589] .... node  #0, CPUs:      #1
[    1.539949] kvm-clock: cpu 1, msr 0:3ffe3041, secondary cpu clock
[    1.548815] mce: CPU supports 0 MCE banks
[    1.553925] x86: Booted up 1 node, 2 CPUs
[    1.557995] smpboot: Total of 2 processors activated (9676.79 BogoMIPS)
[    1.567023] devtmpfs: initialized
[    1.571226] evm: security.selinux
[    1.574136] evm: security.SMACK64
[    1.576454] evm: security.SMACK64EXEC
[    1.579133] evm: security.SMACK64TRANSMUTE
[    1.583015] evm: security.SMACK64MMAP
[    1.586276] evm: security.ima
[    1.591045] evm: security.capability
[    1.594988] clocksource: jiffies: mask: 0xffffffff max_cycles: 0xffffffff, max_idle_ns: 7645041785100000 ns
[    1.601850] futex hash table entries: 512 (order: 3, 32768 bytes)
[    1.606795] pinctrl core: initialized pinctrl subsystem
[    1.611522] RTC time: 17:22:47, date: 02/07/23
[    1.616238] NET: Registered protocol family 16
[    1.634412] cpuidle: using governor ladder
[    1.659666] cpuidle: using governor menu
[    1.663937] PCCT header not found.
[    1.667186] ACPI: bus type PCI registered
[    1.670797] acpiphp: ACPI Hot Plug PCI Controller Driver version: 0.5
[    1.676399] PCI: Using configuration type 1 for base access
[    1.696566] ACPI: Added _OSI(Module Device)
[    1.699901] ACPI: Added _OSI(Processor Device)
[    1.703936] ACPI: Added _OSI(3.0 _SCP Extensions)
[    1.707762] ACPI: Added _OSI(Processor Aggregator Device)
[    1.714737] ACPI: Executed 1 blocks of module-level executable AML code
[    1.726226] ACPI: Interpreter enabled
[    1.730001] ACPI: (supports S0 S5)
[    1.734676] ACPI: Using IOAPIC for interrupt routing
[    1.740557] PCI: Using host bridge windows from ACPI; if necessary, use "pci=nocrs" and report a bug
[    1.756406] ACPI: PCI Root Bridge [PCI0] (domain 0000 [bus 00-ff])
[    1.762344] acpi PNP0A03:00: _OSC: OS supports [ASPM ClockPM Segments MSI]
[    1.772227] acpi PNP0A03:00: _OSC: not requesting OS control; OS requires [ExtendedConfig ASPM ClockPM MSI]
[    1.781444] acpi PNP0A03:00: fail to add MMCONFIG information, can't access extended PCI configuration space under this bridge.
[    1.793014] PCI host bridge to bus 0000:00
[    1.796712] pci_bus 0000:00: root bus resource [io  0x0000-0x0cf7 window]
[    1.801790] pci_bus 0000:00: root bus resource [io  0x0d00-0xffff window]
[    1.808159] pci_bus 0000:00: root bus resource [mem 0x000a0000-0x000bffff window]
[    1.815179] pci_bus 0000:00: root bus resource [mem 0x40000000-0xfdffffff window]
[    1.820992] pci_bus 0000:00: root bus resource [bus 00-ff]
[    1.829745] pci 0000:00:01.1: legacy IDE quirk: reg 0x10: [io  0x01f0-0x01f7]
[    1.834265] pci 0000:00:01.1: legacy IDE quirk: reg 0x14: [io  0x03f6]
[    1.838562] pci 0000:00:01.1: legacy IDE quirk: reg 0x18: [io  0x0170-0x0177]
[    1.843378] pci 0000:00:01.1: legacy IDE quirk: reg 0x1c: [io  0x0376]
[    1.864581] pci 0000:00:07.0: quirk: [io  0x4000-0x403f] claimed by PIIX4 ACPI
[    1.871100] pci 0000:00:07.0: quirk: [io  0x4100-0x410f] claimed by PIIX4 SMB
[    1.885562] ACPI: PCI Interrupt Link [LNKA] (IRQs 5 9 10 *11)
[    1.896674] ACPI: PCI Interrupt Link [LNKB] (IRQs 5 9 *10 11)
[    1.904848] ACPI: PCI Interrupt Link [LNKC] (IRQs 5 *9 10 11)
[    1.914243] ACPI: PCI Interrupt Link [LNKD] (IRQs 5 9 10 *11)
[    1.920496] ACPI: Enabled 2 GPEs in block 00 to 07
[    1.926085] vgaarb: setting as boot device: PCI:0000:00:02.0
[    1.947429] vgaarb: device added: PCI:0000:00:02.0,decodes=io+mem,owns=io+mem,locks=none
[    1.955360] vgaarb: loaded
[    1.959583] vgaarb: bridge control possible 0000:00:02.0
[    1.966678] SCSI subsystem initialized
[    1.973100] ACPI: bus type USB registered
[    1.978826] usbcore: registered new interface driver usbfs
[    1.984035] usbcore: registered new interface driver hub
[    1.989779] usbcore: registered new device driver usb
[    1.999727] PCI: Using ACPI for IRQ routing
[    2.008623] NetLabel: Initializing
[    2.012763] NetLabel:  domain hash size = 128
[    2.017554] NetLabel:  protocols = UNLABELED CIPSOv4
[    2.022239] NetLabel:  unlabeled traffic allowed by default
[    2.027918] amd_nb: Cannot enumerate AMD northbridges
[    2.031551] clocksource: Switched to clocksource kvm-clock
[    2.057922] AppArmor: AppArmor Filesystem Enabled
[    2.062125] pnp: PnP ACPI init
[    2.065464] pnp: PnP ACPI: found 3 devices
[    2.109597] clocksource: acpi_pm: mask: 0xffffff max_cycles: 0xffffff, max_idle_ns: 2085701024 ns
[    2.118934] NET: Registered protocol family 2
[    2.123889] TCP established hash table entries: 8192 (order: 4, 65536 bytes)
[    2.129441] TCP bind hash table entries: 8192 (order: 5, 131072 bytes)
[    2.134943] TCP: Hash tables configured (established 8192 bind 8192)
[    2.140246] UDP hash table entries: 512 (order: 2, 16384 bytes)
[    2.146935] UDP-Lite hash table entries: 512 (order: 2, 16384 bytes)
[    2.153011] NET: Registered protocol family 1
[    2.156308] pci 0000:00:00.0: Limiting direct PCI/PCI transfers
[    2.160372] pci 0000:00:01.0: Activating ISA DMA hang workarounds
[    2.164958] Unpacking initramfs...
[    2.542530] Freeing initrd memory: 14888K
[    2.554656] clocksource: tsc: mask: 0xffffffffffffffff max_cycles: 0x22df0f35937, max_idle_ns: 440795269039 ns
[    2.578441] platform rtc_cmos: registered platform RTC device (no PNP device found)
[    2.589290] Scanning for low memory corruption every 60 seconds
[    2.596942] audit: initializing netlink subsys (disabled)
[    2.601839] audit: type=2000 audit(1675790573.132:1): initialized
[    2.609154] Initialise system trusted keyring
[    2.615511] HugeTLB registered 2 MB page size, pre-allocated 0 pages
[    2.625363] zbud: loaded
[    2.630187] VFS: Disk quotas dquot_6.6.0
[    2.634139] VFS: Dquot-cache hash table entries: 512 (order 0, 4096 bytes)
[    2.641472] squashfs: version 4.0 (2009/01/31) Phillip Lougher
[    2.650089] fuse init (API version 7.23)
[    2.654960] Key type big_key registered
[    2.658667] Allocating IMA MOK and blacklist keyrings.
[    2.671291] Key type asymmetric registered
[    2.675309] Asymmetric key parser 'x509' registered
[    2.679556] Block layer SCSI generic (bsg) driver version 0.4 loaded (major 249)
[    2.686727] io scheduler noop registered
[    2.691306] io scheduler deadline registered (default)
[    2.696189] io scheduler cfq registered
[    2.699756] pci_hotplug: PCI Hot Plug PCI Core version: 0.5
[    2.704289] pciehp: PCI Express Hot Plug Controller Driver version: 0.4
[    2.709542] ACPI: AC Adapter [AC] (on-line)
[    2.713741] input: Power Button as /devices/LNXSYSTM:00/LNXPWRBN:00/input/input0
[    2.720354] ACPI: Power Button [PWRF]
[    2.723466] input: Sleep Button as /devices/LNXSYSTM:00/LNXSLPBN:00/input/input1
[    2.732189] ACPI: Sleep Button [SLPF]
[    2.736638] ACPI: Battery Slot [BAT0] (battery present)
[    2.740666] GHES: HEST is not enabled!
[    2.743423] Serial: 8250/16550 driver, 32 ports, IRQ sharing enabled
[    2.776228] 00:02: ttyS0 at I/O 0x3f8 (irq = 4, base_baud = 115200) is a 16550A
[    2.786042] Linux agpgart interface v0.103
[    2.798807] loop: module loaded
[    2.805939] scsi host0: ata_piix
[    2.809980] scsi host1: ata_piix
[    2.812870] ata1: PATA max UDMA/33 cmd 0x1f0 ctl 0x3f6 bmdma 0xd000 irq 14
[    2.817761] ata2: PATA max UDMA/33 cmd 0x170 ctl 0x376 bmdma 0xd008 irq 15
[    2.825557] libphy: Fixed MDIO Bus: probed
[    2.829070] tun: Universal TUN/TAP device driver, 1.6
[    2.833172] tun: (C) 1999-2004 Max Krasnyansky <maxk@qualcomm.com>
[    2.838105] PPP generic driver version 2.4.2
[    2.841677] ehci_hcd: USB 2.0 'Enhanced' Host Controller (EHCI) Driver
[    2.846362] ehci-pci: EHCI PCI platform driver
[    2.849986] ehci-platform: EHCI generic platform driver
[    2.854385] ohci_hcd: USB 1.1 'Open' Host Controller (OHCI) Driver
[    2.859280] ohci-pci: OHCI PCI platform driver
[    2.863202] ohci-platform: OHCI generic platform driver
[    2.867285] uhci_hcd: USB Universal Host Controller Interface driver
[    2.872068] i8042: PNP: PS/2 Controller [PNP0303:PS2K,PNP0f03:PS2M] at 0x60,0x64 irq 1,12
[    2.881704] serio: i8042 KBD port at 0x60,0x64 irq 1
[    2.886151] serio: i8042 AUX port at 0x60,0x64 irq 12
[    2.892626] mousedev: PS/2 mouse device common for all mice
[    2.903271] input: AT Translated Set 2 keyboard as /devices/platform/i8042/serio0/input/input2
[    2.914598] rtc_cmos rtc_cmos: rtc core: registered rtc_cmos as rtc0
[    2.921200] rtc_cmos rtc_cmos: alarms up to one day, 114 bytes nvram
[    2.928687] i2c /dev entries driver
[    2.931154] device-mapper: uevent: version 1.0.3
[    2.934842] device-mapper: ioctl: 4.34.0-ioctl (2015-10-28) initialised: dm-devel@redhat.com
[    2.941338] ledtrig-cpu: registered to indicate activity on CPUs
[    2.948314] NET: Registered protocol family 10
[    2.953051] NET: Registered protocol family 17
[    2.956732] Key type dns_resolver registered
[    2.963231] registered taskstats version 1
[    2.966359] Loading compiled-in X.509 certificates
[    2.971025] Loaded X.509 cert 'Build time autogenerated kernel key: cf00e047681d67edb2720680708b7d9498083038'
[    2.981461] zswap: loaded using pool lzo/zbud
[    2.993861] Key type trusted registered
[    3.013296] Key type encrypted registered
[    3.023380] AppArmor: AppArmor sha1 policy hashing enabled
[    3.065882] ima: No TPM chip found, activating TPM-bypass!
[    3.072419] ima: Allocated hash algorithm: sha1
[    3.080510] evm: HMAC attrs: 0x1
[    3.086914]   Magic number: 11:127:390
[    3.093392] rtc_cmos rtc_cmos: setting system clock to 2023-02-07 17:22:48 UTC (1675790568)
[    3.105101] BIOS EDD facility v0.16 2004-Jun-25, 0 devices found
[    3.111071] EDD information not available.
[    3.118835] Freeing unused kernel memory: 1492K
[    3.139674] Write protecting the kernel read-only data: 14336k
[    3.146687] Freeing unused kernel memory: 1584K
[    3.151805] Freeing unused kernel memory: 52K
Loading, please wait...
starting version 229
[    3.197263] random: systemd-udevd: uninitialized urandom read (16 bytes read, 5 bits of entropy available)
[    3.199794] random: udevadm: uninitialized urandom read (16 bytes read, 5 bits of entropy available)
[    3.200001] random: udevadm: uninitialized urandom read (16 bytes read, 5 bits of entropy available)
[    3.227153] random: udevadm: uninitialized urandom read (16 bytes read, 5 bits of entropy available)
[    3.227219] random: udevadm: uninitialized urandom read (16 bytes read, 5 bits of entropy available)
[    3.227402] random: udevadm: uninitialized urandom read (16 bytes read, 5 bits of entropy available)
[    3.227444] random: udevadm: uninitialized urandom read (16 bytes read, 5 bits of entropy available)
[    3.227507] random: udevadm: uninitialized urandom read (16 bytes read, 5 bits of entropy available)
[    3.227618] random: udevadm: uninitialized urandom read (16 bytes read, 5 bits of entropy available)
[    3.227659] random: udevadm: uninitialized urandom read (16 bytes read, 5 bits of entropy available)
[    3.374004] e1000: Intel(R) PRO/1000 Network Driver - version 7.3.21-k8-NAPI
[    3.381799] e1000: Copyright (c) 1999-2006 Intel Corporation.
[    3.398287] Fusion MPT base driver 3.04.20
[    3.402074] Copyright (c) 1999-2008 LSI Corporation
[    3.443576] Fusion MPT SPI Host driver 3.04.20
[    3.649734] input: ImExPS/2 Generic Explorer Mouse as /devices/platform/i8042/serio1/input/input4
[    4.105000] e1000 0000:00:03.0 eth0: (PCI:33MHz:32-bit) 02:be:82:6b:cc:1d
[    4.112020] e1000 0000:00:03.0 eth0: Intel(R) PRO/1000 Network Connection
[    4.805678] e1000 0000:00:08.0 eth1: (PCI:33MHz:32-bit) 08:00:27:8a:d9:84
[    4.810741] e1000 0000:00:08.0 eth1: Intel(R) PRO/1000 Network Connection
[    4.817792] e1000 0000:00:03.0 enp0s3: renamed from eth0
[    4.824794] mptbase: ioc0: Initiating bringup
[    4.829933] e1000 0000:00:08.0 enp0s8: renamed from eth1
[    4.898142] ioc0: LSI53C1030 A0: Capabilities={Initiator}
[    5.079800] scsi host2: ioc0: LSI53C1030 A0, FwRev=00000000h, Ports=1, MaxQ=256, IRQ=20
[    5.202238] scsi 2:0:0:0: Direct-Access     VBOX     HARDDISK         1.0  PQ: 0 ANSI: 5
[    5.210947] scsi target2:0:0: Beginning Domain Validation
[    5.220052] scsi target2:0:0: Domain Validation skipping write tests
[    5.224647] scsi target2:0:0: Ending Domain Validation
[    5.229951] scsi target2:0:0: asynchronous
[    5.236949] scsi 2:0:1:0: Direct-Access     VBOX     HARDDISK         1.0  PQ: 0 ANSI: 5
[    5.244537] scsi target2:0:1: Beginning Domain Validation
[    5.252683] scsi target2:0:1: Domain Validation skipping write tests
[    5.257224] scsi target2:0:1: Ending Domain Validation
[    5.261337] scsi target2:0:1: asynchronous
[    5.288226] sd 2:0:0:0: [sda] 83886080 512-byte logical blocks: (42.9 GB/40.0 GiB)
[    5.293937] sd 2:0:0:0: [sda] Write Protect is off
[    5.297711] sd 2:0:0:0: Attached scsi generic sg0 type 0
[    5.301920] sd 2:0:0:0: [sda] Incomplete mode parameter data
[    5.305926] sd 2:0:0:0: [sda] Assuming drive cache: write through
[    5.313488] sd 2:0:1:0: Attached scsi generic sg1 type 0
[    5.317397]  sda: sda1
[    5.319491] sd 2:0:0:0: [sda] Attached SCSI disk
[    5.324112] sd 2:0:1:0: [sdb] 20480 512-byte logical blocks: (10.5 MB/10.0 MiB)
[    5.324784] sd 2:0:1:0: [sdb] Write Protect is off
[    5.325229] sd 2:0:1:0: [sdb] Incomplete mode parameter data
[    5.325231] sd 2:0:1:0: [sdb] Assuming drive cache: write through
[    5.331898] sd 2:0:1:0: [sdb] Attached SCSI disk
Begin: Loading essential drivers ... [    7.084299] md: linear personality registered for level -1
[    7.092549] md: multipath personality registered for level -4
[    7.099776] md: raid0 personality registered for level 0
[    7.115496] md: raid1 personality registered for level 1
[    8.171444] raid6: sse2x1   gen() 141531 MB/s
[   10.170014] raid6: sse2x1   xor() 112766 MB/s
[   12.167383] raid6: sse2x2   gen() 193837 MB/s
[   12.247117] raid6: sse2x2   xor()  6949 MB/s
[   12.320960] raid6: sse2x4   gen() 10984 MB/s
[   13.174933] raid6: sse2x4   xor() 71137 MB/s
[   13.180125] raid6: using algorithm sse2x2 gen() 193837 MB/s
[   13.186136] raid6: .... xor() 6949 MB/s, rmw enabled
[   13.191469] raid6: using ssse3x2 recovery algorithm
[   13.198453] xor: measuring software checksum speed
[   13.240347]    prefetch64-sse: 17893.000 MB/sec
[   13.280382]    generic_sse: 14884.000 MB/sec
[   13.287382] xor: using function: prefetch64-sse (17893.000 MB/sec)
[   13.300840] async_tx: api initialized (async)
[   13.354743] md: raid6 personality registered for level 6
[   13.360127] md: raid5 personality registered for level 5
[   13.365295] md: raid4 personality registered for level 4
[   13.436706] md: raid10 personality registered for level 10
done.
Begin: Running /scripts/init-premount ... done.
Begin: Mounting root file system ... Begin: Running /scripts/local-top ... done.
Begin: Running /scripts/local-premount ... [   13.599428] Btrfs loaded
Scanning for Btrfs filesystems
done.
Warning: fsck not present, so skipping root file system
[   13.705749] EXT4-fs (sda1): mounted filesystem with ordered data mode. Opts: (null)
done.
Begin: Running /scripts/local-bottom ... done.
Begin: Running /scripts/init-bottom ... done.
[   13.875745] systemd[1]: systemd 229 running in system mode. (+PAM +AUDIT +SELINUX +IMA +APPARMOR +SMACK +SYSVINIT +UTMP +LIBCRYPTSETUP +GCRYPT +GNUTLS +ACL +XZ -LZ4 +SECCOMP +BLKID +ELFUTILS +KMOD -IDN)
[   13.893033] systemd[1]: Detected virtualization oracle.
[   13.898127] systemd[1]: Detected architecture x86-64.

Welcome to [1mUbuntu 16.04.7 LTS[0m!

[   13.913163] systemd[1]: Set hostname to <ubuntu>.
[   13.923430] systemd[1]: Initializing machine ID from random generator.
[   13.928872] systemd[1]: Installed transient /etc/machine-id file.
[   14.157093] systemd[1]: Reached target User and Group Name Lookups.
[[0;32m  OK  [0m] Reached target User and Group Name Lookups.
[   14.166838] systemd[1]: Started Trigger resolvconf update for networkd DNS.
[[0;32m  OK  [0m] Started Trigger resolvconf update for networkd DNS.
[   14.178743] systemd[1]: Listening on LVM2 poll daemon socket.
[[0;32m  OK  [0m] Listening on LVM2 poll daemon socket.
[   14.190870] systemd[1]: Listening on fsck to fsckd communication Socket.
[[0;32m  OK  [0m] Listening on fsck to fsckd communication Socket.
[   14.202217] systemd[1]: Created slice System Slice.
[[0;32m  OK  [0m] Created slice System Slice.
[   14.214552] systemd[1]: Created slice system-serial\x2dgetty.slice.
[[0;32m  OK  [0m] Created slice system-serial\x2dgetty.slice.
[   14.230911] systemd[1]: Listening on Journal Audit Socket.
[[0;32m  OK  [0m] Listening on Journal Audit Socket.
[   14.245246] systemd[1]: Listening on Syslog Socket.
[[0;32m  OK  [0m] Listening on Syslog Socket.
[   14.254458] systemd[1]: Reached target System Time Synchronized.
[[0;32m  OK  [0m] Reached target System Time Synchronized.
[   14.264054] systemd[1]: Listening on udev Kernel Socket.
[[0;32m  OK  [0m] Listening on udev Kernel Socket.
[   14.288021] systemd[1]: Listening on Journal Socket (/dev/log).
[[0;32m  OK  [0m] Listening on Journal Socket (/dev/log).
[   14.308287] systemd[1]: Started Forward Password Requests to Wall Directory Watch.
[[0;32m  OK  [0m] Started Forward Password Requests to Wall Directory Watch.
[   14.328437] systemd[1]: Listening on Device-mapper event daemon FIFOs.
[[0;32m  OK  [0m] Listening on Device-mapper event daemon FIFOs.
[   14.344419] systemd[1]: Reached target Swap.
[[0;32m  OK  [0m] Reached target Swap.
[   14.354996] systemd[1]: Listening on Journal Socket.
[[0;32m  OK  [0m] Listening on Journal Socket.
[   14.383395] systemd[1]: Starting Set console keymap...
         Starting Set console keymap...
[   14.400434] systemd[1]: Starting Nameserver information manager...
         Starting Nameserver information manager...
[   14.412512] systemd[1]: Starting Uncomplicated firewall...
         Starting Uncomplicated firewall...
[   14.423837] systemd[1]: Starting File System Check on Root Device...
         Starting File System Check on Root Device...
[   14.456223] systemd[1]: Starting Load Kernel Modules...
         Starting Load Kernel Mo[   14.465410] systemd[1]: Starting Create list of required static device nodes for the current kernel...
dules...
         Starting Create list of required st... nodes for the current kernel...
[   14.490246] systemd[1]: Mounting Huge Pages File System...
         Mounting Huge Pages File System...
[   14.500684] systemd[1]: Listening on LVM2 metadata daemon socket.
[[0;32m  OK  [0m] Listening on LVM2 metadata daemon socket.
[   14.511520] systemd[1]: Set up automount Arbitrary Executable File Formats File System Automount Point.
[[0;32m  OK  [0m] Set up automount Arbitrary Executab...ats File System Automount Point.
[   14.531818] Loading iSCSI transport class v2.0-870.
[   14.544381] systemd[1]: Starting Monitoring of LVM2 mirrors, snapshots etc. using dmeventd or progress polling...
         Starting Monitoring of LVM2 mirrors... dmeventd or progress polling...
[   14.567390] systemd[1]: Mounting Debug File System...
         Mounting Debug File System...
[   14.575619] systemd[1]: Mounting POSIX Message Queue File System...
         Mounting POSIX Message Queue File Syste[   14.587478] iscsi: registered transport (tcp)
m...
[   14.593188] systemd[1]: Listening on /dev/initctl Compatibility Named Pipe.
[[0;32m  OK  [0m] Listening on /dev/initctl Compatibility Named Pipe.
[   14.601351] systemd[1]: Listening on udev Control Socket.
[[0;32m  OK  [0m] Listening on udev Control Socket.
[   14.610040] systemd[1]: Reached target Encrypted Volumes.
[[0;32m  OK  [0m] Reached target Encrypted Volumes.
[   14.640783] systemd[1]: Starting Journal Service...
         Starting Journal Service...
[   14.652061] systemd[1]: Created slice User and Session Slice.
[[0;32m  OK  [0m] Created slice User and Session Slice.
[   14.660108] systemd[1]: Reached target Slices.
[[0;32m  OK  [0m] Reached target Slices.
[   14.684427] systemd[1]: Mounted Huge Pages File System.
[[0;32m  OK  [0m] Mounted Huge Pages File System.
[   14.691486] systemd[1]: Mounted POSIX Message Queue File System.
[   14.698180] iscsi: registered transport (iser)
[[0;32m  OK  [0m] Mounted POSIX Message Queue File System.
[   14.705393] systemd[1]: Mounted Debug File System.
[[0;32m  OK  [0m] Mounted Debug File System.
[   14.712452] systemd[1]: Started Journal Service.
[[0;32m  OK  [0m] Started Journal Service.
[[0;32m  OK  [0m] Started Set console keymap.
[[0;32m  OK  [0m] Started Uncomplicated firewall.
[[0;32m  OK  [0m] Started File System Check on Root Device.
[[0;32m  OK  [0m] Started Load Kernel Modules.
[[0;32m  OK  [0m] Started Create list of required sta...ce nodes for the current kernel.
[[0;32m  OK  [0m] Started Nameserver information manager.
[[0;32m  OK  [0m] Started LVM2 metadata daemon.
[[0;32m  OK  [0m] Started File System Check Daemon to report status.
         Starting Create Static Device Nodes in /dev...
         Mounting FUSE Control File System...
         Starting Apply Kernel Variables...
         Starting Remount Root and Kernel File Systems...
[[0;32m  OK  [0m] Mounted FUSE Control File System.
[[0;32m  OK  [0m] Started Create Static Device Nodes in /dev.
[[0;32m  OK  [0m] Started Apply Kernel Variables.
[[0;32m  OK  [0m] Started Remount Root and Kernel File Systems.
         Starting udev Coldplug all Devices...
         Starting Load/Save Random Seed...
         Starting Flush Journal to Persistent Storage...
         Starting udev Kernel Device Manager...
[[0;32m  OK  [0m] Started Load/Save Random Seed.
[[0;32m  OK  [0m] Started Flush Journal to Persistent Storage.
[[0;32m  OK  [0m] Started udev Kernel Device Manager.
[[0;32m  OK  [0m] Started udev Coldplug all Devices.
[[0;32m  OK  [0m] Started Dispatch Password Requests to Console Directory Watch.
[[0;32m  OK  [0m] Found device /dev/ttyS0.
[[0;32m  OK  [0m] Started Monitoring of LVM2 mirrors,...ng dmeventd or progress polling.
[[0;32m  OK  [0m] Reached target Local File Systems (Pre).
[[0;32m  OK  [0m] Reached target Local File Systems.
         Starting Create Volatile Files and Directories...
         Starting Set console font and keymap...
         Starting LSB: AppArmor initialization...
         Starting Initial cloud-init job (pre-networking)...
         Starting Tell Plymouth To Write Out Runtime Data...
         Starting Commit a transient machine-id on disk...
[[0;32m  OK  [0m] Started Create Volatile Files and Directories.
[[0;32m  OK  [0m] Started Tell Plymouth To Write Out Runtime Data.
[[0;32m  OK  [0m] Started Commit a transient machine-id on disk.
[[0;32m  OK  [0m] Listening on Load/Save RF Kill Switch Status /dev/rfkill Watch.
         Starting Update UTMP about System Boot/Shutdown...
[[0;32m  OK  [0m] Started Update UTMP about System Boot/Shutdown.
[[0;32m  OK  [0m] Started Set console font and keymap.
[[0;32m  OK  [0m] Created slice system-getty.slice.
[   17.176762] cloud-init[619]: Cloud-init v. 21.1-19-gbad84ad4-0ubuntu1~16.04.2 running 'init-local' at Tue, 07 Feb 2023 17:23:02 +0000. Up 16.19 seconds.
[[0;32m  OK  [0m] Started Initial cloud-init job (pre-networking).
[[0;32m  OK  [0m] Reached target Network (Pre).
[[0;32m  OK  [0m] Started LSB: AppArmor initialization.
         Starting Raise network interfaces...
         Starting Load AppArmor profiles managed internally by snapd...
[[0;32m  OK  [0m] Started Load AppArmor profiles managed internally by snapd.
[[0;32m  OK  [0m] Started Raise network interfaces.
         Starting Initial cloud-init job (metadata service crawler)...
[[0;32m  OK  [0m] Reached target Network.
[   19.152634] cloud-init[950]: Cloud-init v. 21.1-19-gbad84ad4-0ubuntu1~16.04.2 running 'init' at Tue, 07 Feb 2023 17:23:05 +0000. Up 18.42 seconds.
[   19.171852] cloud-init[950]: ci-info: ++++++++++++++++++++++++++++++++++++++Net device info+++++++++++++++++++++++++++++++++++++++
[   19.176314] cloud-init[950]: ci-info: +--------+-------+----------------------------+---------------+--------+-------------------+
[   19.181276] cloud-init[950]: ci-info: | Device |   Up  |          Address           |      Mask     | Scope  |     Hw-Address    |
[   19.185703] cloud-init[950]: ci-info: +--------+-------+----------------------------+---------------+--------+-------------------+
[   19.191064] cloud-init[950]: ci-info: | enp0s3 |  True |         10.0.2.15          | 255.255.255.0 | global | 02:be:82:6b:cc:1d |
[   19.196079] cloud-init[950]: ci-info: | enp0s3 |  True | fe80::be:82ff:fe6b:cc1d/64 |       .       |  link  | 02:be:82:6b:cc:1d |
[   19.201743] cloud-init[950]: ci-info: | enp0s8 | False |             .              |       .       |   .    | 08:00:27:8a:d9:84 |
[   19.206495] cloud-init[950]: ci-info: |   lo   |  True |         127.0.0.1          |   255.0.0.0   |  host  |         .         |
[   19.211247] cloud-init[950]: ci-info: |   lo   |  True |          ::1/128           |       .       |  host  |         .         |
[   19.217381] cloud-init[950]: ci-info: +--------+-------+----------------------------+---------------+--------+-------------------+
[   19.223161] cloud-init[950]: ci-info: +++++++++++++++++++++++++++Route IPv4 info++++++++++++++++++++++++++++
[   19.227937] cloud-init[950]: ci-info: +-------+-------------+----------+---------------+-----------+-------+
[   19.232683] cloud-init[950]: ci-info: | Route | Destination | Gateway  |    Genmask    | Interface | Flags |
[   19.237809] cloud-init[950]: ci-info: +-------+-------------+----------+---------------+-----------+-------+
[   19.242944] cloud-init[950]: ci-info: |   0   |   0.0.0.0   | 10.0.2.2 |    0.0.0.0    |   enp0s3  |   UG  |
[   19.248006] cloud-init[950]: ci-info: |   1   |   10.0.2.0  | 0.0.0.0  | 255.255.255.0 |   enp0s3  |   U   |
[   19.252928] cloud-init[950]: ci-info: +-------+-------------+----------+---------------+-----------+-------+
[   19.257041] cloud-init[950]: ci-info: +++++++++++++++++++Route IPv6 info+++++++++++++++++++
[   19.261387] cloud-init[950]: ci-info: +-------+-------------+---------+-----------+-------+
[   19.279134] cloud-init[950]: ci-info: | Route | Destination | Gateway | Interface | Flags |
[   19.286471] cloud-init[950]: ci-info: +-------+-------------+---------+-----------+-------+
[   19.291561] cloud-init[950]: ci-info: |   0   |  fe80::/64  |    ::   |   enp0s3  |   U   |
[   19.296318] cloud-init[950]: ci-info: |   3   |   ff00::/8  |    ::   |   enp0s3  |   U   |
[   19.301053] cloud-init[950]: ci-info: +-------+-------------+---------+-----------+-------+
[   19.307104] cloud-init[950]: Generating public/private rsa key pair.
[   19.312312] cloud-init[950]: Your identification has been saved in /etc/ssh/ssh_host_rsa_key.
[   19.317500] cloud-init[950]: Your public key has been saved in /etc/ssh/ssh_host_rsa_key.pub.
[[   19.322311] cloud-init[950]: The key fingerprint is:
[   19.323867] cloud-init[950]: SHA256:xPJLcYIOWMae4ae+Pb+RfMGFbQ1HYHizzaedrsLM0cQ root@ubuntu-xenial
[   19.324754] cloud-init[950]: The key's randomart image is:
[   19.325469] cloud-init[950]: +---[RSA 2048]----+
[   19.326149] cloud-init[950]: |   .o      .+oo  |
[   19.326220] cloud-init[950]: |   +o  o  .+o+   |
[   19.326260] cloud-init[950]: |  .o.oo = o.==.  |
[   19.326679] cloud-init[950]: |    +o.+ = o.Eo .|
[   19.327007] cloud-init[950]: |     o. S o o  +.|
[   19.327326] cloud-init[950]: |    .  o o o ....|
[   19.327727] cloud-init[950]: |   .    = = . .  |
[   19.327822] cloud-init[950]: |    ...  o =   . |
[   19.327897] cloud-init[950]: |    ...oo.  ...  |
[   19.328908] cloud-init[950]: +----[SHA256]-----+
[   19.329019] cloud-init[950]: Generating public/private dsa key pair.
[   19.329125] cloud-init[950]: Your identification has been saved in /etc/ssh/ssh_host_dsa_key.
[   19.329615] cloud-init[950]: Your public key has been saved in /etc/ssh/ssh_host_dsa_key.pub.
[   19.330164] cloud-init[950]: The key fingerprint is:
[   19.330800] cloud-init[950]: SHA256:udkW28Z6GPnNlGRfNFrCTeutMjXeaie/VfAG7pDEALY root@ubuntu-xenial
[   19.331500] cloud-init[950]: The key's randomart image is:
[   19.334259] cloud-init[950]: +---[DSA 1024]----+
[   19.334791] cloud-init[950]: |        o.. . o. |
[   19.335083] cloud-init[950]: |       . . o o +o|
[   19.335413] cloud-init[950]: |        E   o *o.|
[   19.335483] cloud-init[950]: |         . . +++o|
[   19.335543] cloud-init[950]: |        S ..oo++*|
[   19.335600] cloud-init[950]: |         +o= =o=o|
[   19.336235] cloud-init[950]: |        o ++*++ o|
[   19.336550] cloud-init[950]: |         ..ooo=.o|
[   19.336624] cloud-init[950]: |          .. ..=o|
[   19.336721] cloud-init[950]: +----[SHA256]-----+
[   19.336809] cloud-init[950]: Generating public/private ecdsa key pair.
[   19.337363] cloud-init[950]: Your identification has been saved in /etc/ssh/ssh_host_ecdsa_key.
[   19.337938] cloud-init[950]: Your public key has been saved in /etc/ssh/ssh_host_ecdsa_key.pub.
[   19.339166] cloud-init[950]: The key fingerprint is:
[   19.339695] cloud-init[950]: SHA256:BlNMcCHAIg/NRxiT0ukvv+EnVVdMMUbjHAN8GwwDAlk root@ubuntu-xenial
[   19.341615] cloud-init[950]: The key's randomart image is:
[   19.341949] cloud-init[950]: +---[ECDSA 256]---+
[   19.342262] cloud-init[950]: | +oB+=E+*++BX.   |
[   19.342606] cloud-init[950]: |+ O.+  =. .=*=   |
[   19.342972] cloud-init[950]: | * o  o    ooo   |
[   19.343530] cloud-init[950]: |  o    o. . .    |
[   19.343853] cloud-init[950]: |   .   .S.       |
[   19.344776] cloud-init[950]: |  . . ..         |
[   19.345165] cloud-init[950]: |   o..           |
[   19.345491] cloud-init[950]: |   .o..          |
[   19.345854] cloud-init[950]: |    o+           |
[   19.346365] cloud-init[950]: +----[SHA256]-----+
[   19.346713] cloud-init[950]: Generating public/private ed25519 key pair.
[   19.346891] cloud-init[950]: Your identification has been saved in /etc/ssh/ssh_host_ed25519_key.
[   19.347156] cloud-init[950]: Your public key has been saved in /etc/ssh/ssh_host_ed25519_key.pub.
[   19.347217] cloud-init[950]: The key fingerprint is:
[   19.347274] cloud-init[950]: SHA256:yMWn4QaFQWO+blCQqoQ5iihELOsXg2IuCVvJcP8xfUo root@ubuntu-xenial
[   19.347348] cloud-init[950]: The key's randomart image is:
[   19.348685] cloud-init[950]: +--[ED25519 256]--+
[   19.349506] cloud-init[950]: |.   .o=o.        |
[   19.349842] cloud-init[950]: |oo. .+.+         |
[   19.350176] cloud-init[950]: |+*.+  +.+ .      |
[   19.350449] cloud-init[950]: |B==o.oo*E+.      |
[   19.350764] cloud-init[950]: |%*  +.++So       |
[   19.351087] cloud-init[950]: |Xo . o...        |
[   19.351427] cloud-init[950]: |o .   o          |
[   19.351710] cloud-init[950]: |     .           |
[   19.351956] cloud-init[950]: |                 |
[   19.352585] cloud-init[950]: +----[SHA256]-----+
[0;32m  OK  [0m] Started Initial cloud-init job (metadata service crawler).
[[0;32m  OK  [0m] Reached target Cloud-config availability.
[[0;32m  OK  [0m] Reached target Network is Online.
         Starting iSCSI initiator daemon (iscsid)...
[[0;32m  OK  [0m] Reached target System Initialization.
[[0;32m  OK  [0m] Listening on ACPID Listen Socket.
[[0;32m  OK  [0m] Started ACPI Events Check.
[[0;32m  OK  [0m] Reached target Paths.
[[0;32m  OK  [0m] Listening on D-Bus System Message Bus Socket.
[[0;32m  OK  [0m] Started Ubuntu Advantage update messaging.
[[0;32m  OK  [0m] Started Daily Cleanup of Temporary Directories.
[[0;32m  OK  [0m] Started Message of the Day.
[[0;32m  OK  [0m] Listening on UUID daemon activation socket.
[[0;32m  OK  [0m] Started Daily apt download activities.
[[0;32m  OK  [0m] Started Daily apt upgrade and clean activities.
[[0;32m  OK  [0m] Reached target Timers.
         Starting Socket activation for snappy daemon.
         Starting LXD - unix socket.
[[0;32m  OK  [0m] Listening on Socket activation for snappy daemon.
[[0;32m  OK  [0m] Listening on LXD - unix socket.
[[0;32m  OK  [0m] Started iSCSI initiator daemon (iscsid).
         Starting Login to default iSCSI targets...
[[0;32m  OK  [0m] Reached target Sockets.
[[0;32m  OK  [0m] Reached target Basic System.
         Starting Pollinate to seed the pseudo random number generator...
         Starting Login Service...
         Starting LSB: Record successful boot for GRUB...
[[0;32m  OK  [0m] Started ACPI event daemon.
         Starting Accounts Service...
         Starting Virtualbox guest utils...
         Starting /etc/rc.local Compatibility...
         Starting LSB: MD monitoring daemon...
[[0;32m  OK  [0m] Started D-Bus System Message Bus.
[[0;32m  OK  [0m] Started FUSE filesystem for LXC.
         Starting LXD - container startup/shutdown...
[[0;32m  OK  [0m] Started Regular background program processing daemon.
[[0;32m  OK  [0m] Started Deferred execution scheduler.
         Starting System Logging Service...
         Starting Snap Daemon...
[[0;32m  OK  [0m] Started /etc/rc.local Compatibility.
         Starting Authenticate and Authorize Users to Run Privileged Tasks...
[[0;32m  OK  [0m] Started Login Service.
[[0;32m  OK  [0m] Started Unattended Upgrades Shutdown.
[[0;32m  OK  [0m] Started System Logging Service.
[[0;32m  OK  [0m] Started Login to default iSCSI targets.
[[0;32m  OK  [0m] Reached target Remote File Systems (Pre).
[[0;32m  OK  [0m] Reached target Remote File Systems.
         Starting LSB: automatic crash report generation...
         Starting Permit User Sessions...
         Starting LSB: daemon to balance interrupts for SMP systems...
         Starting LSB: Set the CPU Frequency Scaling governor to "ondemand"...
[[0;32m  OK  [0m] Started LSB: Record successful boot for GRUB.
[[0;32m  OK  [0m] Started LSB: MD monitoring daemon.
[[0;32m  OK  [0m] Started Permit User Sessions.
[[0;32m  OK  [0m] Started Authenticate and Authorize Users to Run Privileged Tasks.
[[0;32m  OK  [0m] Started Accounts Service.
         Starting Hold until boot process finishes up...
         Starting Terminate Plymouth Boot Screen...
[[0;32m  OK  [0m] Started Hold until boot process finishes up.
[[0;32m  OK  [0m] Started Terminate Plymouth Boot Screen.
[[0;32m  OK  [0m] Started Serial Getty on ttyS0.
         Starting Set console scheme...
[[0;32m  OK  [0m] Started Getty on tty1.
[[0;32m  OK  [0m] Reached target Login Prompts.
[[0;32m  OK  [0m] Started Set console scheme.
[[0;32m  OK  [0m] Started LSB: Set the CPU Frequency Scaling governor to "ondemand".
[[0;32m  OK  [0m] Started LSB: daemon to balance interrupts for SMP systems.
[[0;32m  OK  [0m] Started LSB: automatic crash report generation.
[[0;32m  OK  [0m] Started Virtualbox guest utils.
[[0;32m  OK  [0m] Started LXD - container startup/shutdown.
[[0;32m  OK  [0m] Started Pollinate to seed the pseudo random number generator.
         Starting OpenBSD Secure Shell server...
[[0;32m  OK  [0m] Started OpenBSD Secure Shell server.
[[0;32m  OK  [0m] Started Snap Daemon.
         Starting Wait until snapd is fully seeded...
[[0;32m  OK  [0m] Started Wait until snapd is fully seeded.
         Starting Apply the settings specified in cloud-config...
[[0;32m  OK  [0m] Reached target Multi-User System.
[[0;32m  OK  [0m] Reached target Graphical Interface.
         Starting Update UTMP about System Runlevel Changes...
[[0;32m  OK  [0m] Started Update UTMP about System Runlevel Changes.
[   21.364508] cloud-init[1293]: Generating locales (this might take a while)...
[   22.758612] cloud-init[1293]:   en_US.UTF-8... done
[   22.779078] cloud-init[1293]: Generation complete.
[   23.182178] cloud-init[1293]: Cloud-init v. 21.1-19-gbad84ad4-0ubuntu1~16.04.2 running 'modules:config' at Tue, 07 Feb 2023 17:23:07 +0000. Up 21.19 seconds.
[[0;32m  OK  [0m] Started Apply the settings specified in cloud-config.
         Starting Execute cloud user/final scripts...
ci-info: no authorized SSH keys fingerprints found for user ubuntu.
<14>Feb  7 17:23:10 ec2: 
<14>Feb  7 17:23:10 ec2: #############################################################
<14>Feb  7 17:23:10 ec2: -----BEGIN SSH HOST KEY FINGERPRINTS-----
<14>Feb  7 17:23:10 ec2: 1024 SHA256:udkW28Z6GPnNlGRfNFrCTeutMjXeaie/VfAG7pDEALY root@ubuntu-xenial (DSA)
<14>Feb  7 17:23:10 ec2: 256 SHA256:BlNMcCHAIg/NRxiT0ukvv+EnVVdMMUbjHAN8GwwDAlk root@ubuntu-xenial (ECDSA)
<14>Feb  7 17:23:10 ec2: 256 SHA256:yMWn4QaFQWO+blCQqoQ5iihELOsXg2IuCVvJcP8xfUo root@ubuntu-xenial (ED25519)
<14>Feb  7 17:23:10 ec2: 2048 SHA256:xPJLcYIOWMae4ae+Pb+RfMGFbQ1HYHizzaedrsLM0cQ root@ubuntu-xenial (RSA)
<14>Feb  7 17:23:10 ec2: -----END SSH HOST KEY FINGERPRINTS-----
<14>Feb  7 17:23:10 ec2: #############################################################
-----BEGIN SSH HOST KEY KEYS-----
ecdsa-sha2-nistp256 AAAAE2VjZHNhLXNoYTItbmlzdHAyNTYAAAAIbmlzdHAyNTYAAABBBBvaaN6ZBKZ+CA/Ya80OBomdlYZaWz8KMKUQOhwk/atyIQYwbzut/CbZ48BtF+CAd92NFas6xdSASGjjeqsXehs= root@ubuntu-xenial
ssh-ed25519 AAAAC3NzaC1lZDI1NTE5AAAAIOeMbbmwaXRK8sU8QR3eywWg08FHEljI5B/g+DvCJuxT root@ubuntu-xenial
ssh-rsa AAAAB3NzaC1yc2EAAAADAQABAAABAQDhAVYCRDreaQComLdur7CZPy+F8ZpIisQkP4biBozZLVjnwpVZK/O+mJuBEKCqJdkK01ioCL+j63ZAQR0hGtQNb2Afm5qiBDnjD8LiKH1dPu6w1q+dV3JFSctDAw0Nx20hSdLUrVWDkxnmAjCGi8xZD4xUd01l71IfxGD74RcIrekI8W0iL7ft4f7bPtXYDVVsx5NpJMWQoRqYYP8rK9lHXxEnSRNQ2Xy54HYkArlzUDDxT//LePBPlrJ7XsVvoc+a61uTB3KgXMNCev6M9jmN7Z9Wgv+qtih02fY/lJsguv1eC7rBCOxd7sw1JMGXAAnGPYooXUAHInJl/LIIQaId root@ubuntu-xenial
-----END SSH HOST KEY KEYS-----
[   23.985019] cloud-init[1338]: Cloud-init v. 21.1-19-gbad84ad4-0ubuntu1~16.04.2 running 'modules:final' at Tue, 07 Feb 2023 17:23:10 +0000. Up 23.70 seconds.
[   23.992457] cloud-init[1338]: ci-info: no authorized SSH keys fingerprints found for user ubuntu.
[   23.996181] cloud-init[1338]: Cloud-init v. 21.1-19-gbad84ad4-0ubuntu1~16.04.2 finished at Tue, 07 Feb 2023 17:23:10 +0000. Datasource DataSourceNoCloud [seed=/dev/sdb][dsmode=net].  Up 23.97 seconds
[[0;32m  OK  [0m] Started Execute cloud user/final scripts.
[[0;32m  OK  [0m] Reached target Cloud-init target.

Ubuntu 16.04.7 LTS ubuntu-xenial ttyS0

ubuntu-xenial login: 